C51 COMPILER V9.60.7.0   MAIN                                                              03/15/2024 22:05:27 PAGE 1   


C51 COMPILER V9.60.7.0, COMPILATION OF MODULE MAIN
OBJECT MODULE PLACED IN .\Objects\main.obj
COMPILER INVOKED BY: D:\Keil5\C51\BIN\C51.EXE main.c OPTIMIZE(8,SPEED) BROWSE DEBUG OBJECTEXTEND PRINT(.\Listings\main.l
                    -st) TABS(2) OBJECT(.\Objects\main.obj)

line level    source

   1          #include <REGX52.H>
   2          #include "Delay.h"
   3          #include "Timer0.h"
   4          
   5          sbit Buzzer=P2^5;
   6          
   7          #define SPEED 250
   8          
   9          //索引与频率对照表
  10          unsigned int FreqTable[]={
  11            0,
  12            63628,63731,63835,63928,64021,64103,64185,64260,64331,64400,64463,64528,
  13            64580,64633,64684,64732,64777,64820,64860,64898,64934,64968,65000,65030,
  14            65058,65085,65110,65134,65157,65178,65198,65217,65235,65252,65268,65283,
  15          };
  16          
  17          unsigned char code Music[]={
  18          13,4,
  19          13,4,
  20          20,4,
  21          20,4,
  22          22,4,
  23          22,4,
  24          20,8,
  25          18,4,
  26          18,4,
  27          17,4,
  28          17,4,
  29          15,4,
  30          15,4,
  31          13,8,
  32          20,4,
  33          20,4,
  34          18,4,
  35          18,4,
  36          17,4,
  37          17,4,
  38          15,8,
  39          20,4,
  40          20,4,
  41          18,4,
  42          18,4,
  43          17,4,
  44          17,4,
  45          15,8,
  46          13,4,
  47          13,4,
  48          20,4,
  49          20,4,
  50          22,4,
  51          22,4,
  52          20,8,
  53          18,4,
  54          18,4,
C51 COMPILER V9.60.7.0   MAIN                                                              03/15/2024 22:05:27 PAGE 2   

  55          17,4,
  56          17,4,
  57          15,4,
  58          15,4,
  59          13,8,
  60          
  61          //20,4,
  62          //17,4,
  63          //20,4,
  64          //17,4,
  65          //20,4,
  66          //17,4,
  67          //13,8,
  68          //15,4,
  69          //18,4,
  70          //17,4,
  71          //15,4,
  72          //20,8,
  73          
  74          //0,4,
  75          
  76          //20,4,
  77          //17,4,
  78          //20,4,
  79          //17,4,
  80          //20,4,
  81          //17,4,
  82          //13,8,
  83          //15,4,
  84          //18,4,
  85          //17,4,
  86          //15,4,
  87          //13,8,
  88          
  89          //0,4,
  90          
  91          //15,4,
  92          //15,4,
  93          //18,4,
  94          //18,4,
  95          //17,4,
  96          //13,4,
  97          //20,8,
  98          //15,4,
  99          //18,4,
 100          //17,4,
 101          //15,4,
 102          //20,4,
 103          
 104          //0,4,
 105          
 106          //20,4,
 107          //17,4,
 108          //20,4,
 109          //17,4,
 110          //20,4,
 111          //17,4,
 112          //13,8,
 113          //15,4,
 114          //18,4,
 115          //17,4,
 116          //15,4,
C51 COMPILER V9.60.7.0   MAIN                                                              03/15/2024 22:05:27 PAGE 3   

 117          //13,8,
 118          
 119          0xFF
 120          };
 121            
 122          unsigned char FreqSelect,MusicSelect;
 123          
 124          void main(){
 125   1        Timer0Init(); 
 126   1        while(1){
 127   2          if(Music[MusicSelect]!=0xFF){
 128   3            FreqSelect=Music[MusicSelect];
 129   3            MusicSelect++;
 130   3            Delay(SPEED/4*Music[MusicSelect]);
 131   3            MusicSelect++;
 132   3            TR0=0;
 133   3            Delay(5);
 134   3            TR0=1;
 135   3          }
 136   2          else{
 137   3            TR0=0;
 138   3            while(1);
 139   3          }
 140   2        }
 141   1      }
 142          
 143          void Timer0_Routine() interrupt 1{
 144   1        if(FreqTable[FreqSelect]){
 145   2          TL0 = FreqTable[FreqSelect]%256;    
 146   2          TH0 = FreqTable[FreqSelect]/256;  
 147   2          Buzzer=!Buzzer;
 148   2        }
 149   1      }


MODULE INFORMATION:   STATIC OVERLAYABLE
   CODE SIZE        =    101    ----
   CONSTANT SIZE    =     85    ----
   XDATA SIZE       =   ----    ----
   PDATA SIZE       =   ----    ----
   DATA SIZE        =     76    ----
   IDATA SIZE       =   ----    ----
   BIT SIZE         =   ----    ----
END OF MODULE INFORMATION.


C51 COMPILATION COMPLETE.  0 WARNING(S),  0 ERROR(S)
