C51 COMPILER V9.60.7.0   MAIN                                                              02/24/2024 20:50:12 PAGE 1   


C51 COMPILER V9.60.7.0, COMPILATION OF MODULE MAIN
OBJECT MODULE PLACED IN .\Objects\main.obj
COMPILER INVOKED BY: D:\Keil5\C51\BIN\C51.EXE main.c OPTIMIZE(8,SPEED) BROWSE DEBUG OBJECTEXTEND PRINT(.\Listings\main.l
                    -st) TABS(2) OBJECT(.\Objects\main.obj)

line level    source

   1          #include <REGX52.H>
   2          
   3          void Delay(unsigned int num)
   4          {
   5   1        unsigned char i, j;
   6   1        
   7   1        while(num--){
   8   2          i = 2;
   9   2          j = 239;
  10   2          do
  11   2          {
  12   3            while (--j);
  13   3          } while (--i);
  14   2        }
  15   1      }
  16          
  17          void main(){
  18   1        unsigned int num=0;
  19   1        P2=~0x01;
  20   1        while(1){
  21   2          if(P3_1==0){
  22   3            Delay(20);
  23   3            while(P3_1==0);
  24   3            Delay(20);
  25   3            
  26   3            num++;
  27   3            if(num==8)
  28   3              num=0;
  29   3            P2=~(0x01<<num);
  30   3          }
  31   2          if(P3_0==0){
  32   3            Delay(20);
  33   3            while(P3_0==0);
  34   3            Delay(20);
  35   3            
  36   3            if(num==0)
  37   3              num=7;
  38   3            else num--;
  39   3            P2=~(0x01<<num);
  40   3          }
  41   2        }
  42   1      }
  43          
  44          


MODULE INFORMATION:   STATIC OVERLAYABLE
   CODE SIZE        =    116    ----
   CONSTANT SIZE    =   ----    ----
   XDATA SIZE       =   ----    ----
   PDATA SIZE       =   ----    ----
   DATA SIZE        =   ----    ----
   IDATA SIZE       =   ----    ----
   BIT SIZE         =   ----    ----
C51 COMPILER V9.60.7.0   MAIN                                                              02/24/2024 20:50:12 PAGE 2   

END OF MODULE INFORMATION.


C51 COMPILATION COMPLETE.  0 WARNING(S),  0 ERROR(S)
