C51 COMPILER V9.60.7.0   BUZZER                                                            03/10/2024 21:23:24 PAGE 1   


C51 COMPILER V9.60.7.0, COMPILATION OF MODULE BUZZER
OBJECT MODULE PLACED IN .\Objects\Buzzer.obj
COMPILER INVOKED BY: D:\Keil5\C51\BIN\C51.EXE Buzzer.c OPTIMIZE(8,SPEED) BROWSE DEBUG OBJECTEXTEND PRINT(.\Listings\Buzz
                    -er.lst) TABS(2) OBJECT(.\Objects\Buzzer.obj)

line level    source

   1          #include <REGX52.H> 
   2          #include <INTRINS.H>
   3          
   4          //蜂鸣器端口
   5          sbit Buzzer=P2^5;
   6          
   7          /**
   8            * @brief 蜂鸣器私有延时函数，延时500us
   9            * @param 无
  10            * @retval 无
  11            */
  12          void Buzzer_Delay500us()    //@12.000MHz
  13          {
  14   1        unsigned char i;
  15   1      
  16   1        _nop_();
  17   1        i = 247;
  18   1        while (--i);
  19   1      }
  20          
  21          /**
  22            * @brief 蜂鸣器发声
  23            * @param ms 发声时长
  24            * @retval 无
  25            */
  26          void Buzzer_Time(unsigned int ms){
  27   1        unsigned int i;
  28   1        for(i=0;i<ms*2;i++)
  29   1            { 
  30   2              Buzzer=!Buzzer;
  31   2              Buzzer_Delay500us();
  32   2            }
  33   1      }


MODULE INFORMATION:   STATIC OVERLAYABLE
   CODE SIZE        =     40    ----
   CONSTANT SIZE    =   ----    ----
   XDATA SIZE       =   ----    ----
   PDATA SIZE       =   ----    ----
   DATA SIZE        =   ----    ----
   IDATA SIZE       =   ----    ----
   BIT SIZE         =   ----    ----
END OF MODULE INFORMATION.


C51 COMPILATION COMPLETE.  0 WARNING(S),  0 ERROR(S)
