C51 COMPILER V9.60.7.0   MAIN                                                              03/10/2024 21:23:24 PAGE 1   


C51 COMPILER V9.60.7.0, COMPILATION OF MODULE MAIN
OBJECT MODULE PLACED IN .\Objects\main.obj
COMPILER INVOKED BY: D:\Keil5\C51\BIN\C51.EXE main.c OPTIMIZE(8,SPEED) BROWSE DEBUG OBJECTEXTEND PRINT(.\Listings\main.l
                    -st) TABS(2) OBJECT(.\Objects\main.obj)

line level    source

   1          #include <REGX52.H>
   2          #include "Key.h"
   3          #include "shumaguan.h"
   4          #include "Buzzer.h"
   5          
   6          unsigned char keynum;
   7          
   8          void main(){
   9   1        shumaguan(8,0);
  10   1        while(1){
  11   2          keynum=Key();
  12   2          if(keynum)
  13   2          {
  14   3            shumaguan(8,keynum);
  15   3            Buzzer_Time(100);
  16   3        }
  17   2      }
  18   1      }


MODULE INFORMATION:   STATIC OVERLAYABLE
   CODE SIZE        =     37    ----
   CONSTANT SIZE    =   ----    ----
   XDATA SIZE       =   ----    ----
   PDATA SIZE       =   ----    ----
   DATA SIZE        =      1    ----
   IDATA SIZE       =   ----    ----
   BIT SIZE         =   ----    ----
END OF MODULE INFORMATION.


C51 COMPILATION COMPLETE.  0 WARNING(S),  0 ERROR(S)
