C51 COMPILER V9.60.7.0   MATRIXKEY                                                         02/28/2024 19:05:06 PAGE 1   


C51 COMPILER V9.60.7.0, COMPILATION OF MODULE MATRIXKEY
OBJECT MODULE PLACED IN .\Objects\MatrixKey.obj
COMPILER INVOKED BY: D:\Keil5\C51\BIN\C51.EXE MatrixKey.c OPTIMIZE(8,SPEED) BROWSE DEBUG OBJECTEXTEND PRINT(.\Listings\M
                    -atrixKey.lst) TABS(2) OBJECT(.\Objects\MatrixKey.obj)

line level    source

   1          #include <REGX52.H>
   2          #include "Delay.h"
   3          
   4          unsigned int MatrixKey(){
   5   1        unsigned int KeyNum=0;
   6   1        P1=0xFF;
   7   1        P1_3=0;
   8   1        if(P1_7==0){Delay(20);while(P1_7==0);Delay(20);KeyNum=1;}
   9   1        if(P1_6==0){Delay(20);while(P1_6==0);Delay(20);KeyNum=5;}
  10   1        if(P1_5==0){Delay(20);while(P1_5==0);Delay(20);KeyNum=9;}
  11   1        if(P1_4==0){Delay(20);while(P1_4==0);Delay(20);KeyNum=13;}
  12   1        
  13   1        P1=0xFF;
  14   1        P1_2=0;
  15   1        if(P1_7==0){Delay(20);while(P1_7==0);Delay(20);KeyNum=2;}
  16   1        if(P1_6==0){Delay(20);while(P1_6==0);Delay(20);KeyNum=6;}
  17   1        if(P1_5==0){Delay(20);while(P1_5==0);Delay(20);KeyNum=10;}
  18   1        if(P1_4==0){Delay(20);while(P1_4==0);Delay(20);KeyNum=14;}
  19   1        
  20   1        P1=0xFF;
  21   1        P1_1=0;
  22   1        if(P1_7==0){Delay(20);while(P1_7==0);Delay(20);KeyNum=3;}
  23   1        if(P1_6==0){Delay(20);while(P1_6==0);Delay(20);KeyNum=7;}
  24   1        if(P1_5==0){Delay(20);while(P1_5==0);Delay(20);KeyNum=11;}
  25   1        if(P1_4==0){Delay(20);while(P1_4==0);Delay(20);KeyNum=15;}
  26   1        
  27   1        P1=0xFF;
  28   1        P1_0=0;
  29   1        if(P1_7==0){Delay(20);while(P1_7==0);Delay(20);KeyNum=4;}
  30   1        if(P1_6==0){Delay(20);while(P1_6==0);Delay(20);KeyNum=8;}
  31   1        if(P1_5==0){Delay(20);while(P1_5==0);Delay(20);KeyNum=12;}
  32   1        if(P1_4==0){Delay(20);while(P1_4==0);Delay(20);KeyNum=16;}
  33   1        
  34   1        return KeyNum;
  35   1      }


MODULE INFORMATION:   STATIC OVERLAYABLE
   CODE SIZE        =    445    ----
   CONSTANT SIZE    =   ----    ----
   XDATA SIZE       =   ----    ----
   PDATA SIZE       =   ----    ----
   DATA SIZE        =   ----       2
   IDATA SIZE       =   ----    ----
   BIT SIZE         =   ----    ----
END OF MODULE INFORMATION.


C51 COMPILATION COMPLETE.  0 WARNING(S),  0 ERROR(S)
