C51 COMPILER V9.60.7.0   MAIN                                                              01/29/2024 17:15:22 PAGE 1   


C51 COMPILER V9.60.7.0, COMPILATION OF MODULE MAIN
OBJECT MODULE PLACED IN .\Objects\main.obj
COMPILER INVOKED BY: D:\Keil5\C51\BIN\C51.EXE main.c OPTIMIZE(8,SPEED) BROWSE DEBUG OBJECTEXTEND PRINT(.\Listings\main.l
                    -st) TABS(2) OBJECT(.\Objects\main.obj)

line level    source

   1          #include <REGX52.H>
   2          
   3          
   4          void Delay1ms(unsigned int n)   //@12.000MHz
   5          {
   6   1        unsigned char i, j;
   7   1        
   8   1        while(n){
   9   2          i = 2;
  10   2          j = 239;
  11   2          do
  12   2          {
  13   3            while (--j);
  14   3          } while (--i);
  15   2          n--;
  16   2        }
  17   1      }
  18          
  19          
  20          void main(){
  21   1        while(1){
  22   2          if(P3_1 == 0){
  23   3            Delay1ms(20);
  24   3            while(P3_1==0);
  25   3            Delay1ms(20);
  26   3            
  27   3            P2_0=~P2_0;
  28   3          }
  29   2        }
  30   1      }


MODULE INFORMATION:   STATIC OVERLAYABLE
   CODE SIZE        =     44    ----
   CONSTANT SIZE    =   ----    ----
   XDATA SIZE       =   ----    ----
   PDATA SIZE       =   ----    ----
   DATA SIZE        =   ----    ----
   IDATA SIZE       =   ----    ----
   BIT SIZE         =   ----    ----
END OF MODULE INFORMATION.


C51 COMPILATION COMPLETE.  0 WARNING(S),  0 ERROR(S)
