C51 COMPILER V9.60.7.0   MAIN                                                              01/29/2024 18:05:46 PAGE 1   


C51 COMPILER V9.60.7.0, COMPILATION OF MODULE MAIN
OBJECT MODULE PLACED IN .\Objects\main.obj
COMPILER INVOKED BY: D:\Keil5\C51\BIN\C51.EXE main.c OPTIMIZE(8,SPEED) BROWSE DEBUG OBJECTEXTEND PRINT(.\Listings\main.l
                    -st) TABS(2) OBJECT(.\Objects\main.obj)

line level    source

   1          #include <REGX52.H>
   2          
   3          void Delay1ms(unsigned int n)   //@12.000MHz
   4          {
   5   1        unsigned char i, j;
   6   1        
   7   1        while(n){
   8   2          i = 2;
   9   2          j = 239;
  10   2        do
  11   2        {
  12   3          while (--j);
  13   3        } while (--i);
  14   2        n--;
  15   2        }
  16   1      }
  17          
  18          
  19          void main(){
  20   1        while(1){
  21   2          P2=0xFF;
  22   2          Delay1ms(1000);
  23   2          while(P2 != 0x00){
  24   3            P2=P2<<1;
  25   3            Delay1ms(100);
  26   3          }
  27   2        }
  28   1      }


MODULE INFORMATION:   STATIC OVERLAYABLE
   CODE SIZE        =     49    ----
   CONSTANT SIZE    =   ----    ----
   XDATA SIZE       =   ----    ----
   PDATA SIZE       =   ----    ----
   DATA SIZE        =   ----    ----
   IDATA SIZE       =   ----    ----
   BIT SIZE         =   ----    ----
END OF MODULE INFORMATION.


C51 COMPILATION COMPLETE.  0 WARNING(S),  0 ERROR(S)
