C51 COMPILER V9.60.7.0   MAIN                                                              03/06/2024 12:07:12 PAGE 1   


C51 COMPILER V9.60.7.0, COMPILATION OF MODULE MAIN
OBJECT MODULE PLACED IN .\Objects\main.obj
COMPILER INVOKED BY: D:\Keil5\C51\BIN\C51.EXE main.c OPTIMIZE(8,SPEED) BROWSE DEBUG OBJECTEXTEND PRINT(.\Listings\main.l
                    -st) TABS(2) OBJECT(.\Objects\main.obj)

line level    source

   1          #include <REGX52.H>
   2          #include "Timer0.h"
   3          #include "key.h"
   4          #include "INTRINS.h"
   5          
   6          unsigned char KeyNum,LEDMode;
   7          
   8          void main(){
   9   1        P2=0XFE;
  10   1        Timer0Init();
  11   1        while(1){
  12   2          KeyNum=Key();
  13   2          if(KeyNum){
  14   3            if(KeyNum==1) LEDMode++;
  15   3            if(LEDMode==2) LEDMode=0;
  16   3          }
  17   2        }
  18   1      }
  19          
  20          void Timer0_Routine() interrupt 1{
  21   1        static unsigned int T0count;
  22   1        TL0 = 0x18;   
  23   1        TH0 = 0xFC; 
  24   1        T0count++;
  25   1        if(T0count>=500){
  26   2          T0count=0;
  27   2          if(LEDMode==0) P2=_crol_(P2,1);
  28   2          if(LEDMode==1) P2=_cror_(P2,1);
  29   2        }
  30   1      }


MODULE INFORMATION:   STATIC OVERLAYABLE
   CODE SIZE        =    114    ----
   CONSTANT SIZE    =   ----    ----
   XDATA SIZE       =   ----    ----
   PDATA SIZE       =   ----    ----
   DATA SIZE        =      4    ----
   IDATA SIZE       =   ----    ----
   BIT SIZE         =   ----    ----
END OF MODULE INFORMATION.


C51 COMPILATION COMPLETE.  0 WARNING(S),  0 ERROR(S)
