C51 COMPILER V9.60.7.0   I2C                                                               04/05/2024 23:36:53 PAGE 1   


C51 COMPILER V9.60.7.0, COMPILATION OF MODULE I2C
OBJECT MODULE PLACED IN .\Objects\I2C.obj
COMPILER INVOKED BY: D:\Keil5\C51\BIN\C51.EXE I2C.c OPTIMIZE(8,SPEED) BROWSE DEBUG OBJECTEXTEND PRINT(.\Listings\I2C.lst
                    -) TABS(2) OBJECT(.\Objects\I2C.obj)

line level    source

   1          #include <REGX52.H>
   2          
   3          
   4          sbit  I2C_SCL=P2^1;
   5          sbit  I2C_SDA=P2^0;
   6          
   7          
   8          /**
   9            * @brief I2C开始
  10            * @param 无
  11            * @retval 无
  12            */
  13          void I2C_Start()
  14          {
  15   1          I2C_SDA=1;
  16   1          I2C_SCL=1;
  17   1          I2C_SDA=0;
  18   1          I2C_SCL=0;
  19   1      }
  20          
  21          
  22          /**
  23            * @brief I2C停止
  24            * @param 无
  25            * @retval 无
  26            */
  27          void I2C_Stop()
  28          {
  29   1          I2C_SDA=0;
  30   1          I2C_SCL=1;
  31   1          I2C_SDA=1;
  32   1      }
  33          
  34          
  35          /**
  36            * @brief I2C发送一个字节
  37            * @param Byte 要发送的字节
  38            * @retval 无
  39            */
  40          void I2C_SendByte(unsigned char Byte)
  41          {
  42   1          unsigned char i;
  43   1          for(i=0;i<8;i++)
  44   1          {
  45   2            I2C_SDA=Byte&(0x80>>i);
  46   2            I2C_SCL=1;
  47   2            I2C_SCL=0;
  48   2          }
  49   1      }
  50          
  51          
  52          /**
  53            * @brief I2C接收一个字节
  54            * @param 无
C51 COMPILER V9.60.7.0   I2C                                                               04/05/2024 23:36:53 PAGE 2   

  55            * @retval 接收到的一个字节数据
  56            */
  57          unsigned char I2C_ReceiveByte()
  58          {
  59   1        unsigned char Byte=0x00,i;
  60   1        
  61   1        I2C_SDA=1;
  62   1        
  63   1        for(i=0;i<8;i++)
  64   1        {
  65   2          I2C_SCL=1;
  66   2          if(I2C_SDA){Byte|=(0x80>>i);}
  67   2          I2C_SCL=0;
  68   2        }
  69   1        return Byte;
  70   1      }
  71          
  72          
  73          /**
  74            * @brief I2C发送应答
  75            * @param AckBit 0为应答，1为非应答
  76            * @retval 无
  77            */
  78          void I2C_SendAck(unsigned char AckBit )
  79          {
  80   1        I2C_SDA=AckBit;
  81   1        I2C_SCL=1;
  82   1        I2C_SCL=0;
  83   1      }
  84          
  85          
  86          /**
  87            * @brief I2C接收应答位
  88            * @param 无
  89            * @retval 接收到的应答位
  90            */
  91          unsigned char I2C_ReceiveAck()
  92          {
  93   1          unsigned char AckBit;
  94   1          
  95   1          I2C_SDA=1;  //释放SDA
  96   1          I2C_SCL=1;
  97   1          AckBit=I2C_SDA;
  98   1          I2C_SCL=0;
  99   1        
 100   1          return AckBit;
 101   1      }
 102           


MODULE INFORMATION:   STATIC OVERLAYABLE
   CODE SIZE        =    109    ----
   CONSTANT SIZE    =   ----    ----
   XDATA SIZE       =   ----    ----
   PDATA SIZE       =   ----    ----
   DATA SIZE        =   ----    ----
   IDATA SIZE       =   ----    ----
   BIT SIZE         =   ----    ----
END OF MODULE INFORMATION.


C51 COMPILATION COMPLETE.  0 WARNING(S),  0 ERROR(S)
