C51 COMPILER V9.60.7.0   MAIN                                                              04/05/2024 23:36:52 PAGE 1   


C51 COMPILER V9.60.7.0, COMPILATION OF MODULE MAIN
OBJECT MODULE PLACED IN .\Objects\main.obj
COMPILER INVOKED BY: D:\Keil5\C51\BIN\C51.EXE main.c OPTIMIZE(8,SPEED) BROWSE DEBUG OBJECTEXTEND PRINT(.\Listings\main.l
                    -st) TABS(2) OBJECT(.\Objects\main.obj)

line level    source

   1          #include <REGX52.H>
   2          #include "Delay.h"
   3          #include "LCD1602.h"
   4          #include "Key.h"
   5          #include "AT24C02.h"
   6          
   7          unsigned char KeyNum;
   8          unsigned int Num;
   9          
  10          void main(){
  11   1        LCD_Init();
  12   1        LCD_ShowNum(1,1,Num,5);
  13   1        
  14   1        while(1){
  15   2          KeyNum=Key();
  16   2          if(KeyNum==1)
  17   2          {
  18   3            Num++;
  19   3            LCD_ShowNum(1,1,Num,5);
  20   3          }
  21   2          if(KeyNum==2)
  22   2          {
  23   3            Num--;
  24   3            LCD_ShowNum(1,1,Num,5);
  25   3          }
  26   2          if(KeyNum==3)
  27   2          {
  28   3            AT24C02_WriteByte(0,Num%256);
  29   3            Delay(5);
  30   3            AT24C02_WriteByte(1,Num/256);
  31   3            Delay(5);
  32   3            LCD_ShowString(2,1,"Write OK");
  33   3            Delay(1000);
  34   3            LCD_ShowString(2,1,"        ");
  35   3          }
  36   2          if(KeyNum==4)
  37   2          {
  38   3            Num=AT24C02_ReadByte(0);
  39   3            Num|=(AT24C02_ReadByte(1)<<8);
  40   3            LCD_ShowNum(1,1,Num,5);
  41   3            LCD_ShowString(2,1,"Read OK");
  42   3            Delay(1000);
  43   3            LCD_ShowString(2,1,"       ");
  44   3          }
  45   2        }
  46   1      }


MODULE INFORMATION:   STATIC OVERLAYABLE
   CODE SIZE        =    223    ----
   CONSTANT SIZE    =     34    ----
   XDATA SIZE       =   ----    ----
   PDATA SIZE       =   ----    ----
   DATA SIZE        =      3    ----
C51 COMPILER V9.60.7.0   MAIN                                                              04/05/2024 23:36:52 PAGE 2   

   IDATA SIZE       =   ----    ----
   BIT SIZE         =   ----    ----
END OF MODULE INFORMATION.


C51 COMPILATION COMPLETE.  0 WARNING(S),  0 ERROR(S)
