C51 COMPILER V9.60.7.0   MAIN                                                              01/29/2024 01:42:35 PAGE 1   


C51 COMPILER V9.60.7.0, COMPILATION OF MODULE MAIN
OBJECT MODULE PLACED IN .\Objects\main.obj
COMPILER INVOKED BY: D:\Keil5\C51\BIN\C51.EXE main.c OPTIMIZE(8,SPEED) BROWSE DEBUG OBJECTEXTEND PRINT(.\Listings\main.l
                    -st) TABS(2) OBJECT(.\Objects\main.obj)

line level    source

   1          #include <REGX52.H>
   2          #include<stdio.h>
   3          
   4          void Delay1ms(unsigned int time)    //@12.000MHz
   5          {
   6   1        unsigned char i, j;
   7   1        while(time){
   8   2          i = 2;
   9   2          j = 239;
  10   2        do
  11   2        {
  12   3          while (--j);
  13   3        } while (--i);
  14   2        time--;
  15   2        }
  16   1      }
  17          
  18          void main(){
  19   1        while(1){
  20   2          P2=0xFE;
  21   2          Delay1ms(100);
  22   2          P2=0xFD;
  23   2          Delay1ms(100);
  24   2          P2=0xFB;
  25   2          Delay1ms(100);
  26   2          P2=0xF7;
  27   2          Delay1ms(100);
  28   2          P2=0xEF;
  29   2          Delay1ms(100);
  30   2          P2=0xDF;
  31   2          Delay1ms(100);
  32   2          P2=0xBF;
  33   2          Delay1ms(100);
  34   2          P2=0x7F;
  35   2          Delay1ms(100);
  36   2      }
  37   1        }


MODULE INFORMATION:   STATIC OVERLAYABLE
   CODE SIZE        =     74    ----
   CONSTANT SIZE    =   ----    ----
   XDATA SIZE       =   ----    ----
   PDATA SIZE       =   ----    ----
   DATA SIZE        =   ----    ----
   IDATA SIZE       =   ----    ----
   BIT SIZE         =   ----    ----
END OF MODULE INFORMATION.


C51 COMPILATION COMPLETE.  0 WARNING(S),  0 ERROR(S)
