C51 COMPILER V9.60.7.0   KEY                                                               04/06/2024 00:58:46 PAGE 1   


C51 COMPILER V9.60.7.0, COMPILATION OF MODULE KEY
OBJECT MODULE PLACED IN .\Objects\key.obj
COMPILER INVOKED BY: D:\Keil5\C51\BIN\C51.EXE key.c OPTIMIZE(8,SPEED) BROWSE DEBUG OBJECTEXTEND PRINT(.\Listings\key.lst
                    -) TABS(2) OBJECT(.\Objects\key.obj)

line level    source

   1          #include <REGX52.H>
   2          #include "Delay.h"
   3          
   4          unsigned char Key_KeyNum;
   5          
   6          
   7          unsigned char Key()
   8          {
   9   1        unsigned char Temp=0;
  10   1        Temp=Key_KeyNum;
  11   1        Key_KeyNum=0;
  12   1        return Temp;
  13   1      }
  14          
  15          
  16          unsigned char Key_GetState(){
  17   1        unsigned char KeyNum=0;
  18   1        if(P3_1==0){KeyNum=1;}
  19   1        if(P3_0==0){KeyNum=2;}
  20   1        if(P3_2==0){KeyNum=3;}
  21   1        if(P3_3==0){KeyNum=4;}
  22   1        
  23   1        return KeyNum;
  24   1      }
  25          
  26          
  27          void Key_Loop()
  28          {
  29   1        static unsigned char NowState,LastState;
  30   1        LastState=NowState;
  31   1        NowState=Key_GetState();
  32   1        if(LastState==1 && NowState==0)
  33   1        {
  34   2          Key_KeyNum=1;
  35   2        }
  36   1        if(LastState==2 && NowState==0)
  37   1        {
  38   2          Key_KeyNum=2;
  39   2        }
  40   1        if(LastState==3 && NowState==0)
  41   1        {
  42   2          Key_KeyNum=3;
  43   2        }
  44   1        if(LastState==4 && NowState==0)
  45   1        {
  46   2          Key_KeyNum=4;
  47   2        }
  48   1      }


MODULE INFORMATION:   STATIC OVERLAYABLE
   CODE SIZE        =     85    ----
   CONSTANT SIZE    =   ----    ----
   XDATA SIZE       =   ----    ----
C51 COMPILER V9.60.7.0   KEY                                                               04/06/2024 00:58:46 PAGE 2   

   PDATA SIZE       =   ----    ----
   DATA SIZE        =      3    ----
   IDATA SIZE       =   ----    ----
   BIT SIZE         =   ----    ----
END OF MODULE INFORMATION.


C51 COMPILATION COMPLETE.  0 WARNING(S),  0 ERROR(S)
