C51 COMPILER V9.60.7.0   MAIN                                                              04/06/2024 00:58:46 PAGE 1   


C51 COMPILER V9.60.7.0, COMPILATION OF MODULE MAIN
OBJECT MODULE PLACED IN .\Objects\main.obj
COMPILER INVOKED BY: D:\Keil5\C51\BIN\C51.EXE main.c OPTIMIZE(8,SPEED) BROWSE DEBUG OBJECTEXTEND PRINT(.\Listings\main.l
                    -st) TABS(2) OBJECT(.\Objects\main.obj)

line level    source

   1          #include <REGX52.H>
   2          #include "Timer0.h"
   3          #include "Key.h"
   4          #include "shumaguan.h"
   5          #include "Delay.h"
   6          #include "AT24C02.h"
   7          
   8          
   9          unsigned char KeyNum;
  10          unsigned char Min,Sec,MiniSec;
  11          unsigned char RunFlag;
  12          
  13          
  14          void main(){
  15   1        Timer0_Init();
  16   1        while(1){
  17   2          KeyNum=Key();
  18   2          if(KeyNum==1) 
  19   2          {
  20   3            RunFlag=!RunFlag;
  21   3          }
  22   2          if(KeyNum==2) 
  23   2          {
  24   3            Min=0;
  25   3            Sec=0;
  26   3            MiniSec=0;
  27   3            RunFlag=0;
  28   3          }
  29   2          if(KeyNum==3) 
  30   2          {
  31   3            AT24C02_WriteByte(0,Min);
  32   3            Delay(5);
  33   3            AT24C02_WriteByte(1,Sec);
  34   3            Delay(5);
  35   3            AT24C02_WriteByte(2,MiniSec);
  36   3            Delay(5);
  37   3          }
  38   2          if(KeyNum==4) 
  39   2          {
  40   3            Min=AT24C02_ReadByte(0);
  41   3            Sec=AT24C02_ReadByte(1);
  42   3            MiniSec=AT24C02_ReadByte(2);
  43   3          }
  44   2          Nixie_SetBuff(1,Min/10);
  45   2          Nixie_SetBuff(2,Min%10);
  46   2          Nixie_SetBuff(3,11);
  47   2          Nixie_SetBuff(4,Sec/10);
  48   2          Nixie_SetBuff(5,Sec%10);
  49   2          Nixie_SetBuff(6,11);
  50   2          Nixie_SetBuff(7,MiniSec/10);
  51   2          Nixie_SetBuff(8,MiniSec%10);
  52   2        }
  53   1      }
  54          
C51 COMPILER V9.60.7.0   MAIN                                                              04/06/2024 00:58:46 PAGE 2   

  55          
  56          void Sec_Loop(){
  57   1        if(RunFlag){
  58   2          MiniSec++;
  59   2          if(MiniSec>=100)
  60   2          {
  61   3            MiniSec=0;
  62   3            Sec++;
  63   3            if(Sec>=60){
  64   4              Sec=0;
  65   4              Min++;
  66   4              if(Min>=60){
  67   5              Min=0;
  68   5              }
  69   4            }
  70   3          }
  71   2        }
  72   1      }
  73          
  74          void Timer0_Routine() interrupt 1{
  75   1        static unsigned int T0count1,T0count2,T0count3;
  76   1        TL0 = 0x18;   
  77   1        TH0 = 0xFC; 
  78   1        T0count1++;
  79   1        if(T0count1>=20){
  80   2          T0count1=0;
  81   2          Key_Loop();
  82   2        }
  83   1        T0count2++;
  84   1        if(T0count2>=2){
  85   2          T0count2=0;
  86   2          Nixie_Loop();
  87   2        }
  88   1        T0count3++;
  89   1        if(T0count3>=10){
  90   2          T0count3=0;
  91   2          Sec_Loop();
  92   2        }
  93   1      }


MODULE INFORMATION:   STATIC OVERLAYABLE
   CODE SIZE        =    412    ----
   CONSTANT SIZE    =   ----    ----
   XDATA SIZE       =   ----    ----
   PDATA SIZE       =   ----    ----
   DATA SIZE        =     11    ----
   IDATA SIZE       =   ----    ----
   BIT SIZE         =   ----    ----
END OF MODULE INFORMATION.


C51 COMPILATION COMPLETE.  0 WARNING(S),  0 ERROR(S)
