C51 COMPILER V9.60.7.0   MAIN                                                              04/04/2024 20:41:18 PAGE 1   


C51 COMPILER V9.60.7.0, COMPILATION OF MODULE MAIN
OBJECT MODULE PLACED IN .\Objects\main.obj
COMPILER INVOKED BY: D:\Keil5\C51\BIN\C51.EXE main.c OPTIMIZE(8,SPEED) BROWSE DEBUG OBJECTEXTEND PRINT(.\Listings\main.l
                    -st) TABS(2) OBJECT(.\Objects\main.obj)

line level    source

   1          #include <REGX52.H>
   2          #include "Delay.h"
   3          #include "Key.h"
   4          #include "Timer0.h"
   5          #include "shumaguan.h"
   6          
   7          sbit Motor=P1^0;
   8          
   9          unsigned char Counter,Compare;
  10          unsigned char KeyNum,Speed;
  11          
  12          void main(){
  13   1        Timer0Init();
  14   1        Compare=0;
  15   1        while(1){
  16   2          KeyNum=Key();
  17   2          if(KeyNum==1)
  18   2          {
  19   3            Speed++;
  20   3            Speed%=4;
  21   3            if(Speed==0) Compare=0;
  22   3            if(Speed==1) Compare=50;
  23   3            if(Speed==2) Compare=75;
  24   3            if(Speed==3) Compare=100;
  25   3            
  26   3          }
  27   2          shumaguan(8,Speed);
  28   2        }
  29   1      }
  30          
  31          
  32          void Timer0_Routine() interrupt 1{
  33   1        TL0 = 0x9C;   
  34   1        TH0 = 0xFF; 
  35   1        Counter++;
  36   1        Counter%=100;
  37   1        if(Counter<Compare) Motor=1;
  38   1        else Motor=0;
  39   1      }


MODULE INFORMATION:   STATIC OVERLAYABLE
   CODE SIZE        =    109    ----
   CONSTANT SIZE    =   ----    ----
   XDATA SIZE       =   ----    ----
   PDATA SIZE       =   ----    ----
   DATA SIZE        =      4    ----
   IDATA SIZE       =   ----    ----
   BIT SIZE         =   ----    ----
END OF MODULE INFORMATION.


C51 COMPILATION COMPLETE.  0 WARNING(S),  0 ERROR(S)
