C51 COMPILER V9.60.7.0   SHUMAGUAN                                                         04/04/2024 20:41:18 PAGE 1   


C51 COMPILER V9.60.7.0, COMPILATION OF MODULE SHUMAGUAN
OBJECT MODULE PLACED IN .\Objects\shumaguan.obj
COMPILER INVOKED BY: D:\Keil5\C51\BIN\C51.EXE shumaguan.c OPTIMIZE(8,SPEED) BROWSE DEBUG OBJECTEXTEND PRINT(.\Listings\s
                    -humaguan.lst) TABS(2) OBJECT(.\Objects\shumaguan.obj)

line level    source

   1          #include <REGX52.H>
   2          #include "Delay.h"
   3          
   4          unsigned int NUM[]={0x3F,0x06,0x5B,0x4F,0x66,0x6D,0x7D,0x07,0x7F,0x6F,0x77,0x7C,0x39,0x5E,0x79,0x71};
   5          
   6          void shumaguan(unsigned int num1,unsigned int num2){
   7   1        switch(num1){
   8   2          case 1:P2_4=0;P2_3=0;P2_2=0;break;
   9   2          case 2:P2_4=0;P2_3=0;P2_2=1;break;
  10   2          case 3:P2_4=0;P2_3=1;P2_2=0;break;
  11   2          case 4:P2_4=0;P2_3=1;P2_2=1;break;
  12   2          case 5:P2_4=1;P2_3=0;P2_2=0;break;
  13   2          case 6:P2_4=1;P2_3=0;P2_2=1;break;
  14   2          case 7:P2_4=1;P2_3=1;P2_2=0;break;
  15   2          case 8:P2_4=1;P2_3=1;P2_2=1;break;
  16   2        }
  17   1        P0=NUM[num2];
  18   1        Delay(1);
  19   1        P0=0x00;
  20   1      }


MODULE INFORMATION:   STATIC OVERLAYABLE
   CODE SIZE        =    115    ----
   CONSTANT SIZE    =   ----    ----
   XDATA SIZE       =   ----    ----
   PDATA SIZE       =   ----    ----
   DATA SIZE        =     32    ----
   IDATA SIZE       =   ----    ----
   BIT SIZE         =   ----    ----
END OF MODULE INFORMATION.


C51 COMPILATION COMPLETE.  0 WARNING(S),  0 ERROR(S)
