C51 COMPILER V9.60.7.0   UART                                                              03/07/2024 22:20:38 PAGE 1   


C51 COMPILER V9.60.7.0, COMPILATION OF MODULE UART
OBJECT MODULE PLACED IN .\Objects\UART.obj
COMPILER INVOKED BY: D:\Keil5\C51\BIN\C51.EXE UART.c OPTIMIZE(8,SPEED) BROWSE DEBUG OBJECTEXTEND PRINT(.\Listings\UART.l
                    -st) TABS(2) OBJECT(.\Objects\UART.obj)

line level    source

   1          #include <REGX52.H>
   2          
   3          /**
   4            * @brief 串口初始化，4800bps@12.000MHz
   5            * @param 无
   6            * @retval 无
   7            */
   8          void UART_Init(){
   9   1        SCON=0x50;
  10   1        PCON |= 0x80;   //使能波特率倍速位SMOD
  11   1        
  12   1        TMOD &= 0x0F;   
  13   1        TMOD |= 0x20;   //设置定时器1模式为模式2
  14   1        TL1 = 0xF4;   //设定定时初值
  15   1        TH1 = 0xF4;   //设定定时器重装值
  16   1        ET1 = 0;    //禁止定时器1中断
  17   1        TR1 = 1;    //启动定时器1
  18   1        EA=1;
  19   1        ES=1;
  20   1      }
  21          
  22          /**
  23            * @brief 串口发送一个字节数据
  24            * @param Byte:要发送的一个字节的数据
  25            * @retval 无
  26            */
  27          void UART_SendByte(unsigned char Byte){
  28   1        SBUF=Byte;
  29   1        while(TI==0);
  30   1        TI=0;
  31   1      }


MODULE INFORMATION:   STATIC OVERLAYABLE
   CODE SIZE        =     35    ----
   CONSTANT SIZE    =   ----    ----
   XDATA SIZE       =   ----    ----
   PDATA SIZE       =   ----    ----
   DATA SIZE        =   ----    ----
   IDATA SIZE       =   ----    ----
   BIT SIZE         =   ----    ----
END OF MODULE INFORMATION.


C51 COMPILATION COMPLETE.  0 WARNING(S),  0 ERROR(S)
