C51 COMPILER V9.60.7.0   MAIN                                                              03/10/2024 19:30:29 PAGE 1   


C51 COMPILER V9.60.7.0, COMPILATION OF MODULE MAIN
OBJECT MODULE PLACED IN .\Objects\main.obj
COMPILER INVOKED BY: D:\Keil5\C51\BIN\C51.EXE main.c OPTIMIZE(8,SPEED) BROWSE DEBUG OBJECTEXTEND PRINT(.\Listings\main.l
                    -st) TABS(2) OBJECT(.\Objects\main.obj)

line level    source

   1          #include <REGX52.H>
   2          #include "Delay.h"
   3          
   4          #define MATRIX_LED_PORT P0
   5          
   6          sbit RCK = P3^5;   //RCLK
   7          sbit SCK = P3^6;   //SRCLK
   8          sbit SER = P3^4;   //SER
   9          
  10          /**
  11            * @brief 74HC595ÂÜôÂÖ•‰∏Ä‰∏™Â≠óËäÇ
  12            * @param Ë¶ÅÂÜôÂÖ•ÁöÑÂ≠óËäÇ
  13            * @retval Êó†
  14            */
  15          void _74HC595_WriteByte(unsigned char Byte)
  16          {
  17   1        unsigned char i;
  18   1        for(i=0;i<8;i++){
  19   2          SER=Byte&(0x80>>i);  
  20   2          SCK=1;
  21   2          SCK=0;
  22   2        }
  23   1        RCK=1;
  24   1        RCK=0;
  25   1      //  SER=Byte&0x80;  //ÊúÄÈ´ò‰ΩçÊòØ0SERÂ∞±ÊòØ0ÔºåÊúÄÈ´ò‰ΩçÊòØ1SERÂ∞±ÊòØ1ÔºåÂ±èËîΩÊéâ‰Ωé7‰ΩçÔºåSERÊòØ1‰ΩçÊï∞Ê
             -çÆ
  26   1      //  SCK=1;
  27   1      //  SCK=0;
  28   1      //  SER=Byte&0x40;  
  29   1      //  SCK=1;
  30   1      //  SCK=0;
  31   1      //  ...
  32   1      }
  33          
  34          /**
  35            * @brief LEDÁÇπÈòµÂ±èÊòæÁ§∫‰∏ÄÂàóÊï∞ÊçÆ
  36            * @param Column Ë¶ÅÈÄâÊã©ÁöÑÂàóÔºåËåÉÂõ¥Ôºö0~7
  37            * @param Data ÈÄâÊã©ÂàóË¶ÅÊòæÁ§∫ÁöÑÊï∞ÊçÆÔºåÈ´ò‰ΩçÂú®‰∏äÔºå1‰∏∫‰∫ÆÔºå0‰∏∫ÁÅ≠ 
  38            * @retval Êó†
  39            */
  40          void MatrixLED_ShowColumn(unsigned char column,Data){
  41   1        _74HC595_WriteByte(Data);
  42   1        MATRIX_LED_PORT=~(0x80>>column);   //ÈÄâÊã©ÂàóÔºå0ÊúâÊïà
  43   1        Delay(1);
  44   1        MATRIX_LED_PORT=0xFF;
  45   1      }
  46          
  47          void main(){
  48   1        SCK=0;
  49   1        RCK=0;
  50   1        while(1){
  51   2          MatrixLED_ShowColumn(0,0x3C);
  52   2          MatrixLED_ShowColumn(1,0x42);
  53   2          MatrixLED_ShowColumn(2,0xA9);
C51 COMPILER V9.60.7.0   MAIN                                                              03/10/2024 19:30:29 PAGE 2   

  54   2          MatrixLED_ShowColumn(3,0x85);
  55   2          MatrixLED_ShowColumn(4,0x85);
  56   2          MatrixLED_ShowColumn(5,0xA9);
  57   2          MatrixLED_ShowColumn(6,0x42);
  58   2          MatrixLED_ShowColumn(7,0x3C);
  59   2        }
  60   1      }


MODULE INFORMATION:   STATIC OVERLAYABLE
   CODE SIZE        =    157    ----
   CONSTANT SIZE    =   ----    ----
   XDATA SIZE       =   ----    ----
   PDATA SIZE       =   ----    ----
   DATA SIZE        =   ----    ----
   IDATA SIZE       =   ----    ----
   BIT SIZE         =   ----    ----
END OF MODULE INFORMATION.


C51 COMPILATION COMPLETE.  0 WARNING(S),  0 ERROR(S)
