C51 COMPILER V9.60.7.0   DS1302                                                            04/04/2024 17:20:28 PAGE 1   


C51 COMPILER V9.60.7.0, COMPILATION OF MODULE DS1302
OBJECT MODULE PLACED IN .\Objects\DS1302.obj
COMPILER INVOKED BY: D:\Keil5\C51\BIN\C51.EXE DS1302.c OPTIMIZE(8,SPEED) BROWSE DEBUG OBJECTEXTEND PRINT(.\Listings\DS13
                    -02.lst) TABS(2) OBJECT(.\Objects\DS1302.obj)

line level    source

   1          #include <REGX52.H>
   2          
   3          sbit DS1302_SCLK=P3^6;
   4          sbit DS1302_CE=P3^5;
   5          sbit DS1302_IO=P3^4;
   6          
   7          
   8          #define DS1302_SECOND   0x80
   9          #define DS1302_MINUTE   0x82
  10          #define DS1302_HOUR     0x84
  11          #define DS1302_DATE     0x86
  12          #define DS1302_MONTH    0x88
  13          #define DS1302_DAY      0x8A
  14          #define DS1302_YEAR     0x8C
  15          #define DS1302_WP       0x8E
  16          
  17          
  18          char DS1302_Time[]={04,11,17,23,59,55,3};
  19          
  20          void DS1302_Init(void){
  21   1        DS1302_CE=0;
  22   1        DS1302_SCLK=0;
  23   1      }
  24          
  25          void DS1302_WriteByte(unsigned char Command,Data)
  26          {
  27   1        unsigned char i;
  28   1        DS1302_CE=1;
  29   1        
  30   1        for(i=0;i<8;i++){
  31   2          DS1302_IO=Command&(0x01<<i);
  32   2          DS1302_SCLK=1;
  33   2          DS1302_SCLK=0;
  34   2        }
  35   1        
  36   1        for(i=0;i<8;i++){
  37   2          DS1302_IO=Data&(0x01<<i);
  38   2          DS1302_SCLK=1;
  39   2          DS1302_SCLK=0;
  40   2        }
  41   1        
  42   1        DS1302_CE=0;
  43   1      }
  44          
  45          unsigned char DS1302_ReadByte(unsigned char Command)
  46          {
  47   1        unsigned char Data=0x00,i;
  48   1        DS1302_CE=1;
  49   1        Command|=0x01;  //将指令转换为读指令
  50   1        
  51   1        for(i=0;i<8;i++){
  52   2          DS1302_IO=Command&(0x01<<i);
  53   2          DS1302_SCLK=0;
  54   2          DS1302_SCLK=1;
C51 COMPILER V9.60.7.0   DS1302                                                            04/04/2024 17:20:28 PAGE 2   

  55   2        }
  56   1        for(i=0;i<8;i++){
  57   2          DS1302_SCLK=1;
  58   2          DS1302_SCLK=0;
  59   2        
  60   2          if(DS1302_IO){Data|=(0x01<<i);}
  61   2        }
  62   1        DS1302_CE=0;
  63   1        DS1302_IO=0;
  64   1        return Data;
  65   1      }
  66          
  67          void DS1302_SetTime(){
  68   1          DS1302_WriteByte(DS1302_WP,0x00);  //解除芯片写保护
  69   1          DS1302_WriteByte(DS1302_YEAR,DS1302_Time[0]/10*16+DS1302_Time[0]%10);
  70   1          DS1302_WriteByte(DS1302_MONTH,DS1302_Time[1]/10*16+DS1302_Time[1]%10);
  71   1          DS1302_WriteByte(DS1302_DATE,DS1302_Time[2]/10*16+DS1302_Time[2]%10);
  72   1          DS1302_WriteByte(DS1302_HOUR,DS1302_Time[3]/10*16+DS1302_Time[3]%10);
  73   1          DS1302_WriteByte(DS1302_MINUTE,DS1302_Time[4]/10*16+DS1302_Time[4]%10);
  74   1          DS1302_WriteByte(DS1302_SECOND,DS1302_Time[5]/10*16+DS1302_Time[5]%10);
  75   1          DS1302_WriteByte(DS1302_DAY,DS1302_Time[6]/10*16+DS1302_Time[6]%10);
  76   1          DS1302_WriteByte(DS1302_WP,0x80);
  77   1      }
  78          
  79          void DS132_ReadTime(){
  80   1          unsigned char Temp;
  81   1        Temp=DS1302_ReadByte(DS1302_YEAR);
  82   1        DS1302_Time[0]=Temp/16*10+Temp%16;
  83   1        Temp=DS1302_ReadByte(DS1302_MONTH);
  84   1        DS1302_Time[1]=Temp/16*10+Temp%16;
  85   1        Temp=DS1302_ReadByte(DS1302_DATE);
  86   1        DS1302_Time[2]=Temp/16*10+Temp%16;
  87   1        Temp=DS1302_ReadByte(DS1302_HOUR);
  88   1        DS1302_Time[3]=Temp/16*10+Temp%16;
  89   1        Temp=DS1302_ReadByte(DS1302_MINUTE);
  90   1        DS1302_Time[4]=Temp/16*10+Temp%16;
  91   1        Temp=DS1302_ReadByte(DS1302_SECOND);
  92   1        DS1302_Time[5]=Temp/16*10+Temp%16;
  93   1        Temp=DS1302_ReadByte(DS1302_DAY);
  94   1        DS1302_Time[6]=Temp/16*10+Temp%16;
  95   1      }


MODULE INFORMATION:   STATIC OVERLAYABLE
   CODE SIZE        =    694    ----
   CONSTANT SIZE    =   ----    ----
   XDATA SIZE       =   ----    ----
   PDATA SIZE       =   ----    ----
   DATA SIZE        =      7       2
   IDATA SIZE       =   ----    ----
   BIT SIZE         =   ----    ----
END OF MODULE INFORMATION.


C51 COMPILATION COMPLETE.  0 WARNING(S),  0 ERROR(S)
