C51 COMPILER V9.60.7.0   MAIN                                                              04/04/2024 17:20:28 PAGE 1   


C51 COMPILER V9.60.7.0, COMPILATION OF MODULE MAIN
OBJECT MODULE PLACED IN .\Objects\main.obj
COMPILER INVOKED BY: D:\Keil5\C51\BIN\C51.EXE main.c OPTIMIZE(8,SPEED) BROWSE DEBUG OBJECTEXTEND PRINT(.\Listings\main.l
                    -st) TABS(2) OBJECT(.\Objects\main.obj)

line level    source

   1          #include <REGX52.H>
   2          #include "LCD1602.h"
   3          #include "DS1302.h"
   4          #include "Key.h"
   5          #include "Timer0.h"
   6          
   7          unsigned char KeyNum,MODE,TimeSetSelect,TimeSetFlashFlag;
   8          
   9          
  10          void TimeShow()
  11          {
  12   1          DS132_ReadTime();
  13   1          LCD_ShowNum(1,1,DS1302_Time[0],2);//显示年
  14   1          LCD_ShowNum(1,4,DS1302_Time[1],2);//显示月
  15   1          LCD_ShowNum(1,7,DS1302_Time[2],2);//显示日
  16   1          LCD_ShowNum(2,1,DS1302_Time[3],2);//显示时
  17   1          LCD_ShowNum(2,4,DS1302_Time[4],2);//显示分
  18   1          LCD_ShowNum(2,7,DS1302_Time[5],2);//显示秒
  19   1          LCD_ShowNum(1,15,DS1302_Time[6],1);//显示星期
  20   1      }
  21          
  22          
  23          void TimeSet()
  24          {
  25   1        if(KeyNum==2)
  26   1        {
  27   2          TimeSetSelect++;
  28   2          TimeSetSelect%=7;  //越界清零 
  29   2        }
  30   1        if(KeyNum==3)
  31   1        {
  32   2          DS1302_Time[TimeSetSelect]++;
  33   2          if(DS1302_Time[0]>99){DS1302_Time[0]=0;}//年越界判断
  34   2          if(DS1302_Time[1]>12){DS1302_Time[1]=1;}//月越界判断
  35   2          if( DS1302_Time[1]==1 || DS1302_Time[1]==3 || DS1302_Time[1]==5 || DS1302_Time[1]==7 || 
  36   2            DS1302_Time[1]==8 || DS1302_Time[1]==10 || DS1302_Time[1]==12)//日越界判断
  37   2          {
  38   3            if(DS1302_Time[2]>31){DS1302_Time[2]=1;}//大月
  39   3          }
  40   2          else if(DS1302_Time[1]==4 || DS1302_Time[1]==6 || DS1302_Time[1]==9 || DS1302_Time[1]==11)
  41   2          {
  42   3            if(DS1302_Time[2]>30){DS1302_Time[2]=1;}//小月
  43   3          }
  44   2          else if(DS1302_Time[1]==2)
  45   2          {
  46   3            if((DS1302_Time[0]%4==0&&DS1302_Time[0]%100!=0) || DS1302_Time[0]%400==0)
  47   3            {
  48   4              if(DS1302_Time[2]>29){DS1302_Time[2]=1;}//闰年2月
  49   4            }
  50   3            else
  51   3            {
  52   4              if(DS1302_Time[2]>28){DS1302_Time[2]=1;}//平年2月
  53   4            }
  54   3          }
C51 COMPILER V9.60.7.0   MAIN                                                              04/04/2024 17:20:28 PAGE 2   

  55   2          if(DS1302_Time[3]>23){DS1302_Time[3]=0;}//时越界判断
  56   2          if(DS1302_Time[4]>59){DS1302_Time[4]=0;}//分越界判断
  57   2          if(DS1302_Time[5]>59){DS1302_Time[5]=0;}//秒越界判断
  58   2          if(DS1302_Time[6]>7){DS1302_Time[6]=1;}//星期越界判断
  59   2        }
  60   1        if(KeyNum==4)
  61   1        {
  62   2          DS1302_Time[TimeSetSelect]--;
  63   2          if(DS1302_Time[0]<0){DS1302_Time[0]=99;}//年越界判断
  64   2          if(DS1302_Time[1]<1){DS1302_Time[1]=12;}//月越界判断
  65   2          if( DS1302_Time[1]==1 || DS1302_Time[1]==3 || DS1302_Time[1]==5 || DS1302_Time[1]==7 || 
  66   2            DS1302_Time[1]==8 || DS1302_Time[1]==10 || DS1302_Time[1]==12)//日越界判断
  67   2          {
  68   3            if(DS1302_Time[2]<1){DS1302_Time[2]=31;}//大月
  69   3            if(DS1302_Time[2]>31){DS1302_Time[2]=1;}
  70   3          }
  71   2          else if(DS1302_Time[1]==4 || DS1302_Time[1]==6 || DS1302_Time[1]==9 || DS1302_Time[1]==11)
  72   2          {
  73   3            if(DS1302_Time[2]<1){DS1302_Time[2]=30;}//小月
  74   3            if(DS1302_Time[2]>30){DS1302_Time[2]=1;}
  75   3          }
  76   2          else if(DS1302_Time[1]==2)
  77   2          {
  78   3            if(DS1302_Time[0]%4==0)
  79   3            {
  80   4              if(DS1302_Time[2]<1){DS1302_Time[2]=29;}//闰年2月
  81   4              if(DS1302_Time[2]>29){DS1302_Time[2]=1;}
  82   4            }
  83   3            else
  84   3            {
  85   4              if(DS1302_Time[2]<1){DS1302_Time[2]=28;}//平年2月
  86   4              if(DS1302_Time[2]>28){DS1302_Time[2]=1;}
  87   4            }
  88   3          }
  89   2          if(DS1302_Time[3]<0){DS1302_Time[3]=23;}//时越界判断
  90   2          if(DS1302_Time[4]<0){DS1302_Time[4]=59;}//分越界判断
  91   2          if(DS1302_Time[5]<0){DS1302_Time[5]=59;}//秒越界判断
  92   2          if(DS1302_Time[6]<1){DS1302_Time[6]=7;}//星期越界判断
  93   2        }
  94   1        if(TimeSetSelect==0 && TimeSetFlashFlag==0){LCD_ShowString(1,1,"  ");}
  95   1        else {LCD_ShowNum(1,1,DS1302_Time[0],2);}
  96   1        if(TimeSetSelect==1 && TimeSetFlashFlag==0){LCD_ShowString(1,4,"  ");}
  97   1        else {LCD_ShowNum(1,4,DS1302_Time[1],2);}
  98   1        if(TimeSetSelect==2 && TimeSetFlashFlag==0){LCD_ShowString(1,7,"  ");}
  99   1        else {LCD_ShowNum(1,7,DS1302_Time[2],2);}
 100   1        if(TimeSetSelect==3 && TimeSetFlashFlag==0){LCD_ShowString(2,1,"  ");}
 101   1        else {LCD_ShowNum(2,1,DS1302_Time[3],2);}
 102   1        if(TimeSetSelect==4 && TimeSetFlashFlag==0){LCD_ShowString(2,4,"  ");}
 103   1        else {LCD_ShowNum(2,4,DS1302_Time[4],2);}
 104   1        if(TimeSetSelect==5 && TimeSetFlashFlag==0){LCD_ShowString(2,7,"  ");}
 105   1        else {LCD_ShowNum(2,7,DS1302_Time[5],2);}
 106   1        if(TimeSetSelect==6 && TimeSetFlashFlag==0){LCD_ShowString(1,15," ");}
 107   1        else {LCD_ShowNum(1,15,DS1302_Time[6],1);}
 108   1      }
 109          
 110          
 111          void main(){
 112   1        LCD_Init();
 113   1        DS1302_Init();
 114   1        Timer0Init();
 115   1        
 116   1        LCD_ShowString(1,1,"  -  -  ");
C51 COMPILER V9.60.7.0   MAIN                                                              04/04/2024 17:20:28 PAGE 3   

 117   1        LCD_ShowString(1,10,"Week:");
 118   1        LCD_ShowString(2,1,"  :  :  ");
 119   1      
 120   1        DS1302_SetTime();
 121   1        
 122   1        while(1){
 123   2          KeyNum = Key();
 124   2          if(KeyNum==1)
 125   2          {
 126   3            if(MODE==0) MODE=1;
 127   3            else if(MODE==1) {MODE=0;DS1302_SetTime();}
 128   3          }
 129   2          switch(MODE)
 130   2          {
 131   3            case 0:TimeShow(); break;
 132   3            case 1:TimeSet(); break;
 133   3          }
 134   2        }
 135   1      }
 136          
 137          void Timer0_Routine() interrupt 1{
 138   1        static unsigned int T0count;
 139   1        TL0 = 0x18;   
 140   1        TH0 = 0xFC; 
 141   1        T0count++;
 142   1        if(T0count>=500){
 143   2          T0count=0;
 144   2          TimeSetFlashFlag=!TimeSetFlashFlag;
 145   2        }
 146   1      }


MODULE INFORMATION:   STATIC OVERLAYABLE
   CODE SIZE        =   1088    ----
   CONSTANT SIZE    =     29    ----
   XDATA SIZE       =   ----    ----
   PDATA SIZE       =   ----    ----
   DATA SIZE        =      6    ----
   IDATA SIZE       =   ----    ----
   BIT SIZE         =   ----    ----
END OF MODULE INFORMATION.


C51 COMPILATION COMPLETE.  0 WARNING(S),  0 ERROR(S)
