C51 COMPILER V9.60.7.0   TIMER0                                                            04/04/2024 17:20:28 PAGE 1   


C51 COMPILER V9.60.7.0, COMPILATION OF MODULE TIMER0
OBJECT MODULE PLACED IN .\Objects\Timer0.obj
COMPILER INVOKED BY: D:\Keil5\C51\BIN\C51.EXE Timer0.c OPTIMIZE(8,SPEED) BROWSE DEBUG OBJECTEXTEND PRINT(.\Listings\Time
                    -r0.lst) TABS(2) OBJECT(.\Objects\Timer0.obj)

line level    source

   1          #include <REGX52.H>
   2          
   3          void Timer0Init()   //1æ¯«ç§’@12.000MHz
   4          {
   5   1        TMOD &= 0xF0;   
   6   1        TMOD |= 0x01;   //è®¾ç½®å®šæ—¶å™¨æ¨¡å¼ä¸ºæ¨¡å¼1
   7   1        TL0 = 0x18;   
   8   1        TH0 = 0xFC;   //è®¾ç½®å®šæ—¶åˆå€¼
   9   1        TF0 = 0;    //æ¸…é™¤TF0æ ‡å¿—ï¼ŒTF0ä¸ºT0ä¸­æ–­è¯·æ±‚æ ‡å¿—ä½
  10   1        TR0 = 1;    //å®šæ—¶å™¨0å¼€å§‹è®¡æ—¶ï¼ŒTR0ä¸ºå®šæ—¶å™¨0è¿è¡ŒæŽ§åˆ¶ä½ï¼ŒTR0=1å…è®¸T0è®¡æ•°ï¼ŒTR0=0ä¸å…è
             -®¸
  11   1        ET0=1;  //å…è®¸ä¸­æ–­
  12   1        EA=1;   //EA=1ï¼ŒCPUå…è®¸ä¸­æ–­ï¼›EA=0ï¼ŒCPUç¦æ­¢ä¸­æ–­
  13   1        PT0=0;  //ä¸­æ–­ä¼˜å…ˆçº§è®¾ç½®
  14   1      }
  15          
  16          
  17          /*å®šæ—¶å™¨ä¸­æ–­å‡½æ•°æ¨¡æ¿*/
  18          /*
  19          void Timer0_Routine() interrupt 1{
  20            static unsigned int T0count;
  21            TL0 = 0x18;   
  22            TH0 = 0xFC; 
  23            T0count++;
  24            if(T0count>=1000){
  25              T0count=0;
  26            }
  27          }
  28          
  29          */


MODULE INFORMATION:   STATIC OVERLAYABLE
   CODE SIZE        =     23    ----
   CONSTANT SIZE    =   ----    ----
   XDATA SIZE       =   ----    ----
   PDATA SIZE       =   ----    ----
   DATA SIZE        =   ----    ----
   IDATA SIZE       =   ----    ----
   BIT SIZE         =   ----    ----
END OF MODULE INFORMATION.


C51 COMPILATION COMPLETE.  0 WARNING(S),  0 ERROR(S)
