C51 COMPILER V9.60.7.0   MAIN                                                              04/14/2024 20:36:56 PAGE 1   


C51 COMPILER V9.60.7.0, COMPILATION OF MODULE MAIN
OBJECT MODULE PLACED IN .\Objects\main.obj
COMPILER INVOKED BY: D:\Keil5\C51\BIN\C51.EXE main.c OPTIMIZE(8,SPEED) BROWSE DEBUG OBJECTEXTEND PRINT(.\Listings\main.l
                    -st) TABS(2) OBJECT(.\Objects\main.obj)

line level    source

   1          #include <REGX52.H>
   2          #include "Delay.h"
   3          #include "LCD1602.h"
   4          #include "IR.h"
   5          
   6          unsigned char Num;
   7          unsigned char Address;
   8          unsigned char Command;
   9          
  10          void main(){
  11   1        LCD_Init();
  12   1        IR_Init();
  13   1        
  14   1        LCD_ShowString(1,1,"ADDR  CMD  NUM");
  15   1        LCD_ShowString(2,1,"00    00   000");
  16   1        
  17   1        while(1){
  18   2          if(IR_GetDataFlag() || IR_GetRepeatFlag())
  19   2          {
  20   3            Address = IR_GetAddress();
  21   3            Command = IR_GetCommand();
  22   3            
  23   3            LCD_ShowHexNum(2,1,Address,2);
  24   3            LCD_ShowHexNum(2,5,Command,2);
  25   3            
  26   3            if(Command == IR_VOL_MINUS)
  27   3            {
  28   4              Num--;
  29   4            }
  30   3            if(Command == IR_VOL_ADD)
  31   3            {
  32   4              Num++;
  33   4            }
  34   3            LCD_ShowNum(2,12,Num,3);
  35   3        }
  36   2      }
  37   1      }


MODULE INFORMATION:   STATIC OVERLAYABLE
   CODE SIZE        =    115    ----
   CONSTANT SIZE    =     30    ----
   XDATA SIZE       =   ----    ----
   PDATA SIZE       =   ----    ----
   DATA SIZE        =      3    ----
   IDATA SIZE       =   ----    ----
   BIT SIZE         =   ----    ----
END OF MODULE INFORMATION.


C51 COMPILATION COMPLETE.  0 WARNING(S),  0 ERROR(S)
