C51 COMPILER V9.60.7.0   MAIN                                                              03/10/2024 19:38:52 PAGE 1   


C51 COMPILER V9.60.7.0, COMPILATION OF MODULE MAIN
OBJECT MODULE PLACED IN .\Objects\main.obj
COMPILER INVOKED BY: D:\Keil5\C51\BIN\C51.EXE main.c OPTIMIZE(8,SPEED) BROWSE DEBUG OBJECTEXTEND PRINT(.\Listings\main.l
                    -st) TABS(2) OBJECT(.\Objects\main.obj)

line level    source

   1          #include <REGX52.H>
   2          #include "MatrixLED.h"
   3          
   4          unsigned char Animation[]={
   5            0x00,0x00,0x00,0x00,0x00,0x00,0x00,0x00,
   6            0xFF,0x08,0x08,0x08,0xFF,0x00,0x0E,0x15,
   7            0x15,0x15,0x08,0x00,0x7E,0x01,0x02,0x00,
   8            0x7E,0x01,0x02,0x00,0x0E,0x11,0x11,0x0E,
   9            0x00,0x7D,0x00,0x00,0x00,0x00,0x00,0x00,
  10            0x00,0x00,0x00,0x00,0x00,0x00,0x00,0x00
  11          };
  12          
  13          void main(){
  14   1        unsigned char i,offset=0,cnt=0;
  15   1        Matrix_Init();
  16   1        while(1){
  17   2          for(i=0;i<8;i++){
  18   3            MatrixLED_ShowColumn(i,Animation[i+offset]);
  19   3          }
  20   2          cnt++;
  21   2          if(cnt==10)
  22   2          {
  23   3            cnt=0;
  24   3            offset++;
  25   3            if(offset>40){
  26   4              offset=0;
  27   4            }
  28   3          }
  29   2        }
  30   1      }


MODULE INFORMATION:   STATIC OVERLAYABLE
   CODE SIZE        =     60    ----
   CONSTANT SIZE    =   ----    ----
   XDATA SIZE       =   ----    ----
   PDATA SIZE       =   ----    ----
   DATA SIZE        =     48       3
   IDATA SIZE       =   ----    ----
   BIT SIZE         =   ----    ----
END OF MODULE INFORMATION.


C51 COMPILATION COMPLETE.  0 WARNING(S),  0 ERROR(S)
