C51 COMPILER V9.60.7.0   MATRIXLED                                                         03/10/2024 19:38:52 PAGE 1   


C51 COMPILER V9.60.7.0, COMPILATION OF MODULE MATRIXLED
OBJECT MODULE PLACED IN .\Objects\MatrixLED.obj
COMPILER INVOKED BY: D:\Keil5\C51\BIN\C51.EXE MatrixLED.c OPTIMIZE(8,SPEED) BROWSE DEBUG OBJECTEXTEND PRINT(.\Listings\M
                    -atrixLED.lst) TABS(2) OBJECT(.\Objects\MatrixLED.obj)

line level    source

   1          #include <REGX52.H>
   2          #include "Delay.h"
   3          
   4          #define MATRIX_LED_PORT P0
   5          
   6          sbit RCK = P3^5;   //RCLK
   7          sbit SCK = P3^6;   //SRCLK
   8          sbit SER = P3^4;   //SER
   9          
  10          /**
  11            * @brief ÁÇπÈòµÂ±èÂàùÂßãÂåñ
  12            * @param Êó†
  13            * @retval Êó†
  14            */
  15          void Matrix_Init(){
  16   1        SCK=0;
  17   1        RCK=0;
  18   1      }
  19          
  20          /**
  21            * @brief 74HC595ÂÜôÂÖ•‰∏Ä‰∏™Â≠óËäÇ
  22            * @param Ë¶ÅÂÜôÂÖ•ÁöÑÂ≠óËäÇ
  23            * @retval Êó†
  24            */
  25          void _74HC595_WriteByte(unsigned char Byte)
  26          {
  27   1        unsigned char i;
  28   1        for(i=0;i<8;i++){
  29   2          SER=Byte&(0x80>>i);  
  30   2          SCK=1;
  31   2          SCK=0;
  32   2        }
  33   1        RCK=1;
  34   1        RCK=0;
  35   1      //  SER=Byte&0x80;  //ÊúÄÈ´ò‰ΩçÊòØ0SERÂ∞±ÊòØ0ÔºåÊúÄÈ´ò‰ΩçÊòØ1SERÂ∞±ÊòØ1ÔºåÂ±èËîΩÊéâ‰Ωé7‰ΩçÔºåSERÊòØ1‰ΩçÊï∞Ê
             -çÆ
  36   1      //  SCK=1;
  37   1      //  SCK=0;
  38   1      //  SER=Byte&0x40;  
  39   1      //  SCK=1;
  40   1      //  SCK=0;
  41   1      //  ...
  42   1      }
  43          
  44          /**
  45            * @brief LEDÁÇπÈòµÂ±èÊòæÁ§∫‰∏ÄÂàóÊï∞ÊçÆ
  46            * @param Column Ë¶ÅÈÄâÊã©ÁöÑÂàóÔºåËåÉÂõ¥Ôºö0~7
  47            * @param Data ÈÄâÊã©ÂàóË¶ÅÊòæÁ§∫ÁöÑÊï∞ÊçÆÔºåÈ´ò‰ΩçÂú®‰∏äÔºå1‰∏∫‰∫ÆÔºå0‰∏∫ÁÅ≠ 
  48            * @retval Êó†
  49            */
  50          void MatrixLED_ShowColumn(unsigned char column,Data){
  51   1        _74HC595_WriteByte(Data);
  52   1        MATRIX_LED_PORT=~(0x80>>column);
  53   1        Delay(1);
C51 COMPILER V9.60.7.0   MATRIXLED                                                         03/10/2024 19:38:52 PAGE 2   

  54   1        MATRIX_LED_PORT=0xFF;
  55   1      }


MODULE INFORMATION:   STATIC OVERLAYABLE
   CODE SIZE        =     84    ----
   CONSTANT SIZE    =   ----    ----
   XDATA SIZE       =   ----    ----
   PDATA SIZE       =   ----    ----
   DATA SIZE        =   ----    ----
   IDATA SIZE       =   ----    ----
   BIT SIZE         =   ----    ----
END OF MODULE INFORMATION.


C51 COMPILATION COMPLETE.  0 WARNING(S),  0 ERROR(S)
