C51 COMPILER V9.60.7.0   UART                                                              03/07/2024 22:01:54 PAGE 1   


C51 COMPILER V9.60.7.0, COMPILATION OF MODULE UART
OBJECT MODULE PLACED IN .\Objects\UART.obj
COMPILER INVOKED BY: D:\Keil5\C51\BIN\C51.EXE UART.c OPTIMIZE(8,SPEED) BROWSE DEBUG OBJECTEXTEND PRINT(.\Listings\UART.l
                    -st) TABS(2) OBJECT(.\Objects\UART.obj)

line level    source

   1          #include <REGX52.H>
   2          
   3          void UART_Init(){   //4800bps@12.000MHz
   4   1        SCON=0x40;
   5   1        PCON |= 0x80;   //使能波特率倍速位SMOD
   6   1        
   7   1        TMOD &= 0x0F;   
   8   1        TMOD |= 0x20;   //设置定时器1模式为模式2
   9   1        TL1 = 0xF4;   //设定定时初值
  10   1        TH1 = 0xF4;   //设定定时器重装值
  11   1        ET1 = 0;    //禁止定时器1中断
  12   1        TR1 = 1;    //启动定时器1
  13   1      }
  14          
  15          void UART_SendByte(unsigned char Byte){
  16   1        SBUF=Byte;
  17   1        while(TI==0);
  18   1        TI=0;
  19   1      }


MODULE INFORMATION:   STATIC OVERLAYABLE
   CODE SIZE        =     31    ----
   CONSTANT SIZE    =   ----    ----
   XDATA SIZE       =   ----    ----
   PDATA SIZE       =   ----    ----
   DATA SIZE        =   ----    ----
   IDATA SIZE       =   ----    ----
   BIT SIZE         =   ----    ----
END OF MODULE INFORMATION.


C51 COMPILATION COMPLETE.  0 WARNING(S),  0 ERROR(S)
