C51 COMPILER V9.60.7.0   MAIN                                                              02/26/2024 16:35:26 PAGE 1   


C51 COMPILER V9.60.7.0, COMPILATION OF MODULE MAIN
OBJECT MODULE PLACED IN .\Objects\main.obj
COMPILER INVOKED BY: D:\Keil5\C51\BIN\C51.EXE main.c OPTIMIZE(8,SPEED) BROWSE DEBUG OBJECTEXTEND PRINT(.\Listings\main.l
                    -st) TABS(2) OBJECT(.\Objects\main.obj)

line level    source

   1          #include <REGX52.H>
   2          #include "Delay.h"
   3          #include "shumaguan.h"
   4          
   5          void main(){
   6   1        while(1){
   7   2          shumaguan(1,1);
   8   2          shumaguan(2,2);
   9   2          shumaguan(3,3);
  10   2          shumaguan(4,4);
  11   2          shumaguan(5,5);
  12   2          shumaguan(6,6);
  13   2          shumaguan(7,7);
  14   2          shumaguan(8,8);
  15   2        }
  16   1      }


MODULE INFORMATION:   STATIC OVERLAYABLE
   CODE SIZE        =     90    ----
   CONSTANT SIZE    =   ----    ----
   XDATA SIZE       =   ----    ----
   PDATA SIZE       =   ----    ----
   DATA SIZE        =   ----    ----
   IDATA SIZE       =   ----    ----
   BIT SIZE         =   ----    ----
END OF MODULE INFORMATION.


C51 COMPILATION COMPLETE.  0 WARNING(S),  0 ERROR(S)
