C51 COMPILER V9.60.7.0   I2C                                                               04/10/2024 19:57:34 PAGE 1   


C51 COMPILER V9.60.7.0, COMPILATION OF MODULE I2C
OBJECT MODULE PLACED IN .\Objects\I2C.obj
COMPILER INVOKED BY: D:\Keil5\C51\BIN\C51.EXE I2C.c OPTIMIZE(8,SPEED) BROWSE DEBUG OBJECTEXTEND PRINT(.\Listings\I2C.lst
                    -) TABS(2) OBJECT(.\Objects\I2C.obj)

line level    source

   1          #include <REGX52.H>
   2          
   3          sbit  I2C_SCL=P2^1;
   4          sbit  I2C_SDA=P2^0;
   5          
   6          /**
   7            * @brief I2C开始
   8            * @param 无
   9            * @retval 无
  10            */
  11          void I2C_Start()
  12          {
  13   1          I2C_SDA=1;
  14   1          I2C_SCL=1;
  15   1          I2C_SDA=0;
  16   1          I2C_SCL=0;
  17   1      }
  18          
  19          
  20          /**
  21            * @brief I2C停止
  22            * @param 无
  23            * @retval 无
  24            */
  25          void I2C_Stop()
  26          {
  27   1          I2C_SDA=0;
  28   1          I2C_SCL=1;
  29   1          I2C_SDA=1;
  30   1      }
  31          
  32          
  33          /**
  34            * @brief I2C发送一个字节
  35            * @param Byte 要发送的字节
  36            * @retval 无
  37            */
  38          void I2C_SendByte(unsigned char Byte)
  39          {
  40   1          unsigned char i;
  41   1          for(i=0;i<8;i++)
  42   1          {
  43   2            I2C_SDA=Byte&(0x80>>i);
  44   2            I2C_SCL=1;
  45   2            I2C_SCL=0;
  46   2          }
  47   1      }
  48          
  49          
  50          /**
  51            * @brief I2C接收一个字节
  52            * @param 无
  53            * @retval 接收到的一个字节数据
  54            */
C51 COMPILER V9.60.7.0   I2C                                                               04/10/2024 19:57:34 PAGE 2   

  55          unsigned char I2C_ReceiveByte()
  56          {
  57   1        unsigned char Byte=0x00,i;
  58   1        
  59   1        I2C_SDA=1;
  60   1        
  61   1        for(i=0;i<8;i++)
  62   1        {
  63   2          I2C_SCL=1;
  64   2          if(I2C_SDA){Byte|=(0x80>>i);}
  65   2          I2C_SCL=0;
  66   2        }
  67   1        return Byte;
  68   1      }
  69          
  70          
  71          /**
  72            * @brief I2C发送应答
  73            * @param AckBit 0为应答，1为非应答
  74            * @retval 无
  75            */
  76          void I2C_SendAck(unsigned char AckBit)
  77          {
  78   1        I2C_SDA=AckBit;
  79   1        I2C_SCL=1;
  80   1        I2C_SCL=0;
  81   1      }
  82          
  83          
  84          /**
  85            * @brief I2C接收应答位
  86            * @param 无
  87            * @retval 接收到的应答位
  88            */
  89          unsigned char I2C_ReceiveAck()
  90          {
  91   1          unsigned char AckBit;
  92   1          
  93   1          I2C_SDA=1;  //释放SDA
  94   1          I2C_SCL=1;
  95   1          AckBit=I2C_SDA;
  96   1          I2C_SCL=0;
  97   1        
  98   1          return AckBit;
  99   1      }
 100           


MODULE INFORMATION:   STATIC OVERLAYABLE
   CODE SIZE        =    109    ----
   CONSTANT SIZE    =   ----    ----
   XDATA SIZE       =   ----    ----
   PDATA SIZE       =   ----    ----
   DATA SIZE        =   ----    ----
   IDATA SIZE       =   ----    ----
   BIT SIZE         =   ----    ----
END OF MODULE INFORMATION.


C51 COMPILATION COMPLETE.  0 WARNING(S),  0 ERROR(S)
