C51 COMPILER V9.60.7.0   MAIN                                                              04/10/2024 19:57:33 PAGE 1   


C51 COMPILER V9.60.7.0, COMPILATION OF MODULE MAIN
OBJECT MODULE PLACED IN .\Objects\main.obj
COMPILER INVOKED BY: D:\Keil5\C51\BIN\C51.EXE main.c OPTIMIZE(8,SPEED) BROWSE DEBUG OBJECTEXTEND PRINT(.\Listings\main.l
                    -st) TABS(2) OBJECT(.\Objects\main.obj)

line level    source

   1          #include <REGX52.H>
   2          #include "LCD1602.h"
   3          #include "DS18B20.h"
   4          #include "Delay.h"
   5          #include "AT24C02.h"
   6          #include "Key.h"
   7          #include "Timer0.h"
   8          
   9          float T,TShow;
  10          char TLow,THigh;
  11          unsigned char KeyNum;
  12          
  13          void main(){
  14   1        DS18B20_ConvertT();
  15   1        Delay(1000);
  16   1        THigh=AT24C02_ReadByte(0);
  17   1        TLow=AT24C02_ReadByte(1);
  18   1        if(THigh>125 || TLow<-55 || THigh<=TLow)
  19   1        {
  20   2          THigh=20;
  21   2          TLow=15;
  22   2        }
  23   1        LCD_Init();
  24   1        LCD_ShowString(1,1,"T:");
  25   1        LCD_ShowString(2,1,"TH:");
  26   1        LCD_ShowString(2,9,"TL:");
  27   1        LCD_ShowSignedNum(2,4,THigh,3);
  28   1        LCD_ShowSignedNum(2,12,TLow,3);
  29   1        Timer0_Init();
  30   1        while(1){
  31   2          KeyNum = Key();
  32   2          /*温度读取及显示*/
  33   2          DS18B20_ConvertT();
  34   2          T=DS18B20_ReadT();
  35   2          if(T<0)
  36   2          {
  37   3            LCD_ShowChar(1,3,'-');
  38   3            TShow=-T;
  39   3          }
  40   2          else{
  41   3            LCD_ShowChar(1,3,'+');
  42   3            TShow = T;
  43   3          }
  44   2          LCD_ShowNum(1,4,TShow,3);
  45   2          LCD_ShowChar(1,7,'.');
  46   2          LCD_ShowNum(1,8,(unsigned long)(TShow*100)%100,2);
  47   2          
  48   2          /*阈值判断及显示*/
  49   2          if(KeyNum)
  50   2          {
  51   3            if(KeyNum==1)
  52   3            {
  53   4              THigh++;
  54   4              if(THigh>125){THigh=125;}
C51 COMPILER V9.60.7.0   MAIN                                                              04/10/2024 19:57:33 PAGE 2   

  55   4            } 
  56   3            if(KeyNum==2)
  57   3            {
  58   4              THigh--;
  59   4              if(THigh<=TLow){THigh++;}
  60   4            }
  61   3            if(KeyNum==3)
  62   3            {
  63   4              TLow++;
  64   4              if(TLow>=THigh){TLow--;}
  65   4            }
  66   3            if(KeyNum==4)
  67   3            {
  68   4              TLow--;
  69   4              if(TLow<-55){TLow=-55;}
  70   4            }
  71   3            LCD_ShowSignedNum(2,4,THigh,3);
  72   3            LCD_ShowSignedNum(2,12,TLow,3);
  73   3            AT24C02_WriteByte(0,THigh);
  74   3            Delay(5);
  75   3            AT24C02_WriteByte(1,TLow);
  76   3            Delay(5);
  77   3          }
  78   2          if(T>THigh)
  79   2          {
  80   3            LCD_ShowString(1,13,"OV:H");
  81   3          }
  82   2          else if(T<TLow)
  83   2          {
  84   3            LCD_ShowString(1,13,"OV:L");
  85   3          }
  86   2          else
  87   2          {
  88   3            LCD_ShowString(1,13,"    ");
  89   3          }
  90   2        }
  91   1      }
  92          
  93          
  94          void Timer0_Routine() interrupt 1{
  95   1        static unsigned int T0count;
  96   1        TL0 = 0x18;   
  97   1        TH0 = 0xFC; 
  98   1        T0count++;
  99   1        if(T0count>=20){
 100   2          T0count=0;
 101   2          Key_Loop();
 102   2        }
 103   1      }


MODULE INFORMATION:   STATIC OVERLAYABLE
   CODE SIZE        =    629    ----
   CONSTANT SIZE    =     26    ----
   XDATA SIZE       =   ----    ----
   PDATA SIZE       =   ----    ----
   DATA SIZE        =     13    ----
   IDATA SIZE       =   ----    ----
   BIT SIZE         =   ----    ----
END OF MODULE INFORMATION.


C51 COMPILATION COMPLETE.  0 WARNING(S),  0 ERROR(S)
