C51 COMPILER V9.60.7.0   MAIN                                                              04/16/2024 22:01:06 PAGE 1   


C51 COMPILER V9.60.7.0, COMPILATION OF MODULE MAIN
OBJECT MODULE PLACED IN .\Objects\main.obj
COMPILER INVOKED BY: D:\Keil5\C51\BIN\C51.EXE main.c OPTIMIZE(8,SPEED) BROWSE DEBUG OBJECTEXTEND PRINT(.\Listings\main.l
                    -st) TABS(2) OBJECT(.\Objects\main.obj)

line level    source

   1          #include <REGX52.H>
   2          #include "shumaguan.h"
   3          #include "Motor.h"
   4          #include "IR.h"
   5          
   6          unsigned char Command,Speed;
   7          
   8          void main(){
   9   1        IR_Init();
  10   1        Motor_Init();
  11   1        while(1){
  12   2          if(IR_GetDataFlag())
  13   2          {
  14   3            Command = IR_GetCommand();
  15   3            
  16   3            if(Command == IR_POWER){Speed=0;}
  17   3            if(Command == IR_1){Speed=1;}
  18   3            if(Command == IR_2){Speed=2;}
  19   3            if(Command == IR_3){Speed=3;}
  20   3            
  21   3            if(Speed==0) Motor_SetSpeed(0);
  22   3            if(Speed==1) Motor_SetSpeed(50);
  23   3            if(Speed==2) Motor_SetSpeed(75);
  24   3            if(Speed==3) Motor_SetSpeed(100);
  25   3          }
  26   2          shumaguan(8,Speed);
  27   2        }
  28   1      }
  29          
  30          


MODULE INFORMATION:   STATIC OVERLAYABLE
   CODE SIZE        =     99    ----
   CONSTANT SIZE    =   ----    ----
   XDATA SIZE       =   ----    ----
   PDATA SIZE       =   ----    ----
   DATA SIZE        =      2    ----
   IDATA SIZE       =   ----    ----
   BIT SIZE         =   ----    ----
END OF MODULE INFORMATION.


C51 COMPILATION COMPLETE.  0 WARNING(S),  0 ERROR(S)
