C51 COMPILER V9.60.7.0   TIMER1                                                            04/16/2024 22:01:06 PAGE 1   


C51 COMPILER V9.60.7.0, COMPILATION OF MODULE TIMER1
OBJECT MODULE PLACED IN .\Objects\Timer1.obj
COMPILER INVOKED BY: D:\Keil5\C51\BIN\C51.EXE ..\15-2 Ö±Á÷µç»úµ÷ËÙ\Timer1.c OPTIMIZE(8,SPEED) BROWSE DEBUG OBJECTEXTEND 
                    -PRINT(.\Listings\Timer1.lst) TABS(2) OBJECT(.\Objects\Timer1.obj)

line level    source

   1          #include <REGX52.H>
   2          
   3          void Timer1_Init()    //100us@12.000MHz
   4          {
   5   1        TMOD &= 0x0F;   
   6   1        TMOD |= 0x10;   //è®¾ç½®å®šæ—¶å™¨æ¨¡å¼ä¸ºæ¨¡å¼1
   7   1        TL1 = 0x9C;   
   8   1        TH1 = 0xFF;   //è®¾ç½®å®šæ—¶åˆå€¼
   9   1        TF1 = 0;    //æ¸…é™¤TF0æ ‡å¿—ï¼ŒTF0ä¸ºT0ä¸­æ–­è¯·æ±‚æ ‡å¿—ä½
  10   1        TR1 = 1;    //å®šæ—¶å™¨0å¼€å§‹è®¡æ—¶ï¼ŒTR0ä¸ºå®šæ—¶å™¨0è¿è¡ŒæŽ§åˆ¶ä½ï¼ŒTR0=1å…è®¸T0è®¡æ•°ï¼ŒTR0=0ä¸å…è
             -®¸
  11   1        ET1=1;  //å…è®¸ä¸­æ–­
  12   1        EA=1;   //EA=1ï¼ŒCPUå…è®¸ä¸­æ–­ï¼›EA=0ï¼ŒCPUç¦æ­¢ä¸­æ–­
  13   1        PT1=0;  //ä¸­æ–­ä¼˜å…ˆçº§è®¾ç½®
  14   1      }
  15          
  16          /*å®šæ—¶å™¨ä¸­æ–­å‡½æ•°æ¨¡æ¿*/
  17          /*
  18          void Timer1_Routine() interrupt 3{
  19            static unsigned int T1count;
  20            TL1 = 0x9C;   
  21            TH1 = 0xFF; 
  22            T1count++;
  23            if(T1count>=1000){
  24              T1count=0;
  25            }
  26          }
  27          
  28          */


MODULE INFORMATION:   STATIC OVERLAYABLE
   CODE SIZE        =     23    ----
   CONSTANT SIZE    =   ----    ----
   XDATA SIZE       =   ----    ----
   PDATA SIZE       =   ----    ----
   DATA SIZE        =   ----    ----
   IDATA SIZE       =   ----    ----
   BIT SIZE         =   ----    ----
END OF MODULE INFORMATION.


C51 COMPILATION COMPLETE.  0 WARNING(S),  0 ERROR(S)
